<?xml version="1.0" encoding="UTF-8"?>
<!-- Generated by org.testng.reporters.JUnitReportReporter -->
<testsuite hostname="Suraj-PC" failures="1" tests="9" name="Runner.Runner" time="245.517" errors="0" timestamp="2021-06-16T23:23:30 IST" skipped="0">
  <testcase classname="Runner.Runner" name="runScenario" time="17.232"/>
  <system-out/>
  <testcase classname="Runner.Runner" name="runScenario" time="12.800"/>
  <system-out/>
  <testcase classname="Runner.Runner" name="runScenario" time="9.492"/>
  <system-out/>
  <testcase classname="Runner.Runner" name="runScenario" time="64.193"/>
  <system-out/>
  <testcase classname="Runner.Runner" name="runScenario" time="29.007"/>
  <system-out/>
  <testcase classname="Runner.Runner" name="runScenario" time="15.168">
    <failure message="expected [Your Store] but found [Contact Us]" type="java.lang.AssertionError">
      <![CDATA[java.lang.AssertionError: expected [Your Store] but found [Contact Us]
at org.testng.Assert.fail(Assert.java:99)
at org.testng.Assert.failNotEquals(Assert.java:1037)
at org.testng.Assert.assertEqualsImpl(Assert.java:140)
at org.testng.Assert.assertEquals(Assert.java:122)
at org.testng.Assert.assertEquals(Assert.java:629)
at org.testng.Assert.assertEquals(Assert.java:639)
at Stepdefs.PhoneNavigation.user_should_be_navigated_to_Contact_us_webpage_after_clicking_on_phone_number_from_header(PhoneNavigation.java:105)
at âœ½.user should be navigated to Contact us webpage after clicking on phone number from header(file:src/test/resources/Features/PhoneNavigation.feature:16)
]]>
    </failure>
  </testcase> <!-- runScenario -->
  <system-out/>
  <testcase classname="Runner.Runner" name="runScenario" time="72.100"/>
  <system-out/>
  <testcase classname="Runner.Runner" name="runScenario" time="9.319"/>
  <system-out/>
  <testcase classname="Runner.Runner" name="runScenario" time="16.206"/>
  <system-out/>
</testsuite> <!-- Runner.Runner -->
