<html>
<head>
<title>TestNG:  Default test</title>
<link href="../testng.css" rel="stylesheet" type="text/css" />
<link href="../my-testng.css" rel="stylesheet" type="text/css" />

<style type="text/css">
.log { display: none;} 
.stack-trace { display: none;} 
</style>
<script type="text/javascript">
<!--
function flip(e) {
  current = e.style.display;
  if (current == 'block') {
    e.style.display = 'none';
    return 0;
  }
  else {
    e.style.display = 'block';
    return 1;
  }
}

function toggleBox(szDivId, elem, msg1, msg2)
{
  var res = -1;  if (document.getElementById) {
    res = flip(document.getElementById(szDivId));
  }
  else if (document.all) {
    // this is the way old msie versions work
    res = flip(document.all[szDivId]);
  }
  if(elem) {
    if(res == 0) elem.innerHTML = msg1; else elem.innerHTML = msg2;
  }

}

function toggleAllBoxes() {
  if (document.getElementsByTagName) {
    d = document.getElementsByTagName('div');
    for (i = 0; i < d.length; i++) {
      if (d[i].className == 'log') {
        flip(d[i]);
      }
    }
  }
}

// -->
</script>

</head>
<body>
<h2 align='center'>Default test</h2><table border='1' align="center">
<tr>
<td>Tests passed/Failed/Skipped:</td><td>8/1/0</td>
</tr><tr>
<td>Started on:</td><td>Wed Jun 16 23:19:23 IST 2021</td>
</tr>
<tr><td>Total time:</td><td>246 seconds (246142 ms)</td>
</tr><tr>
<td>Included groups:</td><td></td>
</tr><tr>
<td>Excluded groups:</td><td></td>
</tr>
</table><p/>
<small><i>(Hover the method name to see the test class name)</i></small><p/>
<table width='100%' border='1' class='invocation-failed'>
<tr><td colspan='4' align='center'><b>FAILED TESTS</b></td></tr>
<tr><td><b>Test method</b></td>
<td width="30%"><b>Exception</b></td>
<td width="10%"><b>Time (seconds)</b></td>
<td><b>Instance</b></td>
</tr>
<tr>
<td title='Runner.Runner.runScenario()'><b>runScenario</b><br>Test class: Runner.Runner<br>Test method: Runs Cucumber Scenarios<br>Parameters: "Verify that user should be able to navigate to Contact Us webpage after clicking on phone icon & phone number from header of home page", "Navigation functionality of phone number And phone icon"</td>
<td><div><pre>java.lang.AssertionError: expected [Your Store] but found [Contact Us]
	at org.testng.Assert.fail(Assert.java:99)
	at org.testng.Assert.failNotEquals(Assert.java:1037)
	at org.testng.Assert.assertEqualsImpl(Assert.java:140)
	at org.testng.Assert.assertEquals(Assert.java:122)
	at org.testng.Assert.assertEquals(Assert.java:629)
	at org.testng.Assert.assertEquals(Assert.java:639)
	at Stepdefs.PhoneNavigation.user_should_be_navigated_to_Contact_us_webpage_after_clicking_on_phone_number_from_header(PhoneNavigation.java:105)
	at ?.user should be navigated to Contact us webpage after clicking on phone number from header(file:src/test/resources/Features/PhoneNavigation.feature:16)
</pre></div><a href='#' onClick='toggleBox("stack-trace629016615", this, "Click to show all stack frames", "Click to hide stack frames")'>Click to show all stack frames</a>
<div class='stack-trace' id='stack-trace629016615'><pre>java.lang.AssertionError: expected [Your Store] but found [Contact Us]
	at org.testng.Assert.fail(Assert.java:99)
	at org.testng.Assert.failNotEquals(Assert.java:1037)
	at org.testng.Assert.assertEqualsImpl(Assert.java:140)
	at org.testng.Assert.assertEquals(Assert.java:122)
	at org.testng.Assert.assertEquals(Assert.java:629)
	at org.testng.Assert.assertEquals(Assert.java:639)
	at Stepdefs.PhoneNavigation.user_should_be_navigated_to_Contact_us_webpage_after_clicking_on_phone_number_from_header(PhoneNavigation.java:105)
	at ?.user should be navigated to Contact us webpage after clicking on phone number from header(file:src/test/resources/Features/PhoneNavigation.feature:16)
</pre></div></td>
<td>15</td>
<td>Runner.Runner@5d7148e2</td></tr>
</table><p>
<table width='100%' border='1' class='invocation-passed'>
<tr><td colspan='4' align='center'><b>PASSED TESTS</b></td></tr>
<tr><td><b>Test method</b></td>
<td width="30%"><b>Exception</b></td>
<td width="10%"><b>Time (seconds)</b></td>
<td><b>Instance</b></td>
</tr>
<tr>
<td title='Runner.Runner.runScenario()'><b>runScenario</b><br>Test class: Runner.Runner<br>Test method: Runs Cucumber Scenarios<br>Parameters: "verify that user should be able to view slideshow of product banners on home page", "Slideshow of product banners on home page"</td>
<td></td>
<td>17</td>
<td>Runner.Runner@5d7148e2</td></tr>
<tr>
<td title='Runner.Runner.runScenario()'><b>runScenario</b><br>Test class: Runner.Runner<br>Test method: Runs Cucumber Scenarios<br>Parameters: "verify that user should be able to view phone icon, My Account, Wish List, Shopping Cart & Checkout in header", "Links of phone icon, My Account, Wish List, Shopping Cart & Checkout in header"</td>
<td></td>
<td>12</td>
<td>Runner.Runner@5d7148e2</td></tr>
<tr>
<td title='Runner.Runner.runScenario()'><b>runScenario</b><br>Test class: Runner.Runner<br>Test method: Runs Cucumber Scenarios<br>Parameters: "verify that user should be able to navigate to Register page & Login page after clicking on Register & Login options from My Account dropdown list respectively", "Navigation functionality of Login & Register of My Account dropdown list"</td>
<td></td>
<td>9</td>
<td>Runner.Runner@5d7148e2</td></tr>
<tr>
<td title='Runner.Runner.runScenario()'><b>runScenario</b><br>Test class: Runner.Runner<br>Test method: Runs Cucumber Scenarios<br>Parameters: "verify that user should not be able to view slideshow of product banners on My Account webpage", "Slideshow of product banners on home page"</td>
<td></td>
<td>64</td>
<td>Runner.Runner@5d7148e2</td></tr>
<tr>
<td title='Runner.Runner.runScenario()'><b>runScenario</b><br>Test class: Runner.Runner<br>Test method: Runs Cucumber Scenarios<br>Parameters: "verify that user is able to view left & right arrow icons after hovering mouse over the slideshow of product banners & browse product banners", "Browse functionality of product banners"</td>
<td></td>
<td>29</td>
<td>Runner.Runner@5d7148e2</td></tr>
<tr>
<td title='Runner.Runner.runScenario()'><b>runScenario</b><br>Test class: Runner.Runner<br>Test method: Runs Cucumber Scenarios<br>Parameters: "verify that user should be able to navigate to correct webpage after clicking on that particular option from dropdown list", "Navigation funtionality of My Account, Order history, Transations, Downloads, Logout of My Account dropdown list"</td>
<td></td>
<td>72</td>
<td>Runner.Runner@5d7148e2</td></tr>
<tr>
<td title='Runner.Runner.runScenario()'><b>runScenario</b><br>Test class: Runner.Runner<br>Test method: Runs Cucumber Scenarios<br>Parameters: "verify that user should be able to navigate to Account Login webpage after clicking on Login option from My Account dropdown list", "Navigation functionality of Login & Register of My Account dropdown list"</td>
<td></td>
<td>9</td>
<td>Runner.Runner@5d7148e2</td></tr>
<tr>
<td title='Runner.Runner.runScenario()'><b>runScenario</b><br>Test class: Runner.Runner<br>Test method: Runs Cucumber Scenarios<br>Parameters: "verify that user is able to browse different product banners after clicking on carousel-indicators that is filled circles down the slideshow of product banners", "Browse functionality of product banners"</td>
<td></td>
<td>16</td>
<td>Runner.Runner@5d7148e2</td></tr>
</table><p>
</body>
</html>